<?xml version="1.0" encoding="UTF-8"?>
<!-- Generated by org.testng.reporters.JUnitXMLReporter -->
<testsuite ignored="1" hostname="Vasu" failures="0" tests="4" name="Default test" time="0.207" errors="0" timestamp="2021-08-16T09:05:08 IST">
  <testcase classname="testng.Test1" name="chats" time="0.03"/>
  <testcase classname="testng.Test1" name="status" time="0.005"/>
  <testcase classname="testng.Test1" name="status" time="0.005"/>
  <testcase classname="testng.Test1" name="status" time="0.02"/>
  <testcase classname="testng.Test1" name="calls" time="0.0">
    <ignored/>
  </testcase> <!-- calls -->
</testsuite> <!-- Default test -->
