<?xml version="1.0" encoding="UTF-8"?>
<testng-results ignored="1" total="5" passed="4" failed="0" skipped="0">
  <reporter-output>
    <line>
      <![CDATA[chats]]>
    </line>
    <line>
      <![CDATA[status]]>
    </line>
    <line>
      <![CDATA[status]]>
    </line>
    <line>
      <![CDATA[status]]>
    </line>
  </reporter-output>
  <suite started-at="2021-08-16T09:05:07 IST" name="Default suite" finished-at="2021-08-16T09:05:07 IST" duration-ms="207">
    <groups>
    </groups>
    <test started-at="2021-08-16T09:05:07 IST" name="Default test" finished-at="2021-08-16T09:05:07 IST" duration-ms="207">
      <class name="testng.Test1">
        <test-method signature="chats()[pri:-1, instance:testng.Test1@355ce81c]" started-at="2021-08-16T09:05:07 IST" name="chats" finished-at="2021-08-16T09:05:07 IST" duration-ms="30" status="PASS">
          <reporter-output>
            <line>
              <![CDATA[chats]]>
            </line>
          </reporter-output>
        </test-method> <!-- chats -->
        <test-method signature="status()[pri:-1, instance:testng.Test1@355ce81c]" started-at="2021-08-16T09:05:07 IST" name="status" finished-at="2021-08-16T09:05:07 IST" duration-ms="5" status="PASS">
          <reporter-output>
            <line>
              <![CDATA[status]]>
            </line>
          </reporter-output>
        </test-method> <!-- status -->
        <test-method signature="status()[pri:-1, instance:testng.Test1@355ce81c]" started-at="2021-08-16T09:05:07 IST" name="status" finished-at="2021-08-16T09:05:07 IST" duration-ms="5" status="PASS">
          <reporter-output>
            <line>
              <![CDATA[status]]>
            </line>
          </reporter-output>
        </test-method> <!-- status -->
        <test-method signature="status()[pri:-1, instance:testng.Test1@355ce81c]" started-at="2021-08-16T09:05:07 IST" name="status" finished-at="2021-08-16T09:05:07 IST" duration-ms="20" status="PASS">
          <reporter-output>
            <line>
              <![CDATA[status]]>
            </line>
          </reporter-output>
        </test-method> <!-- status -->
      </class> <!-- testng.Test1 -->
    </test> <!-- Default test -->
  </suite> <!-- Default suite -->
</testng-results>
